   ************************** Mu2e Offline **************************
     art v3_15_00    root v6_32_06    KinKal v03_02_01
     build  /scratch/workspace/GitHubPRTests/mu2e-offline-build-test
     build  al9-prof-e29-p084    09/12/25 13:48:18
   ******************************************************************
Conditions file: /scratch/workspace/GitHubPRTests/mu2e-offline-build-test/Offline/ConditionsService/data/conditions_01.txt
Conditions lines: 38  hash: 8098310628555253397
DbService  MDC2020_best v1_3   mu2e_conditions_prd
DbService  textFiles: 
GlobalConstants file: /scratch/workspace/GitHubPRTests/mu2e-offline-build-test/Offline/GlobalConstantsService/data/globalConstants_01.txt
GlobalConstants lines: 165  hash: 10185786924093877558
BkgANNSHU weights Offline/Mu2eKinKal/data/TrainBkgTrigger.dat cut 0.2 freezing ( 0x1 : Inactive )
BkgANNSHU weights Offline/Mu2eKinKal/data/TrainBkgTrigger.dat cut 0.2 freezing ( 0x1 : Inactive )
BkgANNSHU weights Offline/Mu2eKinKal/data/TrainBkgTrigger.dat cut 0.2 freezing ( 0x1 : Inactive )
BkgANNSHU weights Offline/Mu2eKinKal/data/TrainBkgTrigger.dat cut 0.2 freezing ( 0x1 : Inactive )
BkgANNSHU weights Offline/Mu2eKinKal/data/TrainBkgTrigger.dat cut 0.2 freezing ( 0x1 : Inactive )
DeltaFinderAlg created
12-Sep-2025 13:52:57 CDT  Initiating request to open input file "/cvmfs/mu2e.opensciencegrid.org/DataFiles/Validation/skim_NoPrimary1BB_1a.art"
12-Sep-2025 13:52:57 CDT  Opened input file "/cvmfs/mu2e.opensciencegrid.org/DataFiles/Validation/skim_NoPrimary1BB_1a.art"
tprHelixDeIpaHSFilter NO HELIX CUT HAS BEEN SET FOR THE HELICES WITH NEGATIVE HELICITY. IF THAT'S NOT THE DESIRED BEHAVIOUR REVIEW YOUR CONFIGUREATION!
tprHelixDeIpaPhiScaledHSFilter NO HELIX CUT HAS BEEN SET FOR THE HELICES WITH NEGATIVE HELICITY. IF THAT'S NOT THE DESIRED BEHAVIOUR REVIEW YOUR CONFIGUREATION!
Geometry file: /scratch/workspace/GitHubPRTests/mu2e-offline-build-test/Offline/Mu2eG4/geom/geom_common.txt
Geometry lines: 21757  hash: 10941432225743674772
BField file: /scratch/workspace/GitHubPRTests/mu2e-offline-build-test/Offline/Mu2eG4/geom/bfgeom_reco_v01.txt
BField lines: 98  hash: 3243269116804334601
Begin processing the 1st record. run: 1202 subRun: 0 event: 1 at 12-Sep-2025 13:52:57 CDT
DbReader::fillValCache took 0.236064 s
DbEngine confirmed purpose and version:
MDC2020_best 1/3/-1
DbEngine IoV summary
            Table        N IoV
       TrkDelayPanel       1
      TrkPreampStraw       2
     TrkAlignTracker       2
       TrkAlignPlane       2
       TrkAlignPanel       2
       TrkAlignStraw       2
      TrkPanelStatus       2
      TrkPlaneStatus       2
 TrkStrawStatusShort       2
  TrkStrawStatusLong       2
      TrkDelayRStraw       1
    SimEfficiencies2       2
  TrkAlignTrackerSim       2
    TrkAlignPlaneSim       2
    TrkAlignPanelSim       2
    TrkAlignStrawSim       2
          CRVBadChan       6
             CRVSiPM       6
           CRVPhoton       6
             CRVTime       6
DbEngine inclusive beginJob time was 0.236211 s
Begin processing the 2nd record. run: 1202 subRun: 0 event: 2 at 12-Sep-2025 13:52:58 CDT
Begin processing the 3rd record. run: 1202 subRun: 0 event: 3 at 12-Sep-2025 13:52:58 CDT
Begin processing the 5th record. run: 1202 subRun: 0 event: 5 at 12-Sep-2025 13:52:58 CDT
Begin processing the 9th record. run: 1202 subRun: 0 event: 9 at 12-Sep-2025 13:52:58 CDT
Begin processing the 17th record. run: 1202 subRun: 0 event: 17 at 12-Sep-2025 13:52:58 CDT
Begin processing the 33rd record. run: 1202 subRun: 0 event: 33 at 12-Sep-2025 13:52:59 CDT
Begin processing the 65th record. run: 1202 subRun: 0 event: 65 at 12-Sep-2025 13:52:59 CDT
Begin processing the 129th record. run: 1202 subRun: 0 event: 129 at 12-Sep-2025 13:53:00 CDT
Begin processing the 257th record. run: 1202 subRun: 0 event: 257 at 12-Sep-2025 13:53:02 CDT
Begin processing the 513th record. run: 1202 subRun: 0 event: 513 at 12-Sep-2025 13:53:08 CDT
Begin processing the 1025th record. run: 1202 subRun: 0 event: 1025 at 12-Sep-2025 13:53:18 CDT
Begin processing the 2049th record. run: 1202 subRun: 0 event: 2049 at 12-Sep-2025 13:53:38 CDT
Begin processing the 4097th record. run: 1202 subRun: 1 event: 97 at 12-Sep-2025 13:54:15 CDT
Begin processing the 8193rd record. run: 1202 subRun: 2 event: 193 at 12-Sep-2025 13:55:32 CDT
12-Sep-2025 13:56:06 CDT  Closed input file "/cvmfs/mu2e.opensciencegrid.org/DataFiles/Validation/skim_NoPrimary1BB_1a.art"
12-Sep-2025 13:56:06 CDT  Initiating request to open input file "/cvmfs/mu2e.opensciencegrid.org/DataFiles/Validation/skim_NoPrimary1BB_1b.art"
12-Sep-2025 13:56:06 CDT  Opened input file "/cvmfs/mu2e.opensciencegrid.org/DataFiles/Validation/skim_NoPrimary1BB_1b.art"
%MSG-w GEOM:  BeginRun 12-Sep-2025 13:56:06 CDT run: 1202
This test version does not change geometry on run boundaries.
%MSG
This test version does not change geometry on run boundaries.
Begin processing the 16385th record. run: 1202 subRun: 4 event: 385 at 12-Sep-2025 13:58:04 CDT
12-Sep-2025 13:59:12 CDT  Closed input file "/cvmfs/mu2e.opensciencegrid.org/DataFiles/Validation/skim_NoPrimary1BB_1b.art"

=======================================================================================================================================================================
TimeTracker printout (sec)                                                               Min           Avg           Max         Median          RMS         nEvts   
=======================================================================================================================================================================
Full event                                                                           0.00099795     0.0186377     0.842129      0.0101766     0.024665       20000   
-----------------------------------------------------------------------------------------------------------------------------------------------------------------------
source:RootInput(read)                                                               6.2802e-05    0.000103831   0.00604711    8.6982e-05    0.00011931      20000   
caloHitRec_N0Source:processCFOData:EventHeaderFromCFOFragment                         9.98e-06     1.15009e-05   0.000256348    1.123e-05    2.36022e-06     20000   
caloHitRec_N0Source:caloHitRecN0SourcePS:PrescaleEvent                                7.78e-06     1.0307e-05    0.00120788     8.99e-06     2.89523e-05     20000   
minBias_CDCount:minBiasCDCountPS:PrescaleEvent                                        1.75e-06     2.10616e-06    1.333e-05     2.071e-06    3.00828e-07     20000   
minBias_SDCount:minBiasSDCountPS:PrescaleEvent                                        1.42e-06     1.85973e-06   1.4961e-05     1.84e-06     3.66478e-07     20000   
cstCosmicTrackSeed:cstCosmicTrackSeedPS:PrescaleEvent                                 1.46e-06     1.79193e-06   1.6551e-05     1.75e-06     3.31316e-07     20000   
cstTimeCluster:cstTimeClusterPS:PrescaleEvent                                          1.4e-06     1.65551e-06    1.184e-05     1.62e-06      3.083e-07      20000   
caloFast_RMC:caloFastRMCPS:PrescaleEvent                                              1.48e-06     1.77657e-06    1.576e-05     1.75e-06     3.5452e-07      20000   
caloFast_RMC:CaloHitMakerFast:CaloHitMakerFast                                       7.8353e-05    0.000488185   0.00670352    0.000393986   0.000353788     20000   
caloFast_RMC:CaloClusterFast:CaloClusterFast                                          8.17e-06     5.05435e-05   0.000311499   4.2426e-05    3.11315e-05     20000   
caloFast_RMC:caloFastRMCFilter:CaloClusterCounterFilter                               6.18e-06     7.34455e-06   5.7122e-05     7.26e-06     7.97869e-07     20000   
caloFast_cosmic:caloFastCosmicPS:PrescaleEvent                                         2.3e-06     2.96126e-06    1.138e-05     2.93e-06     4.17262e-07     20000   
caloFast_cosmic:caloFastCosmicFilter:CaloCosmicCalib                                  4.36e-06     5.17279e-06   2.7481e-05     5.12e-06     5.60192e-07     20000   
caloFast_MVANNCE:caloFastMVANNCEPS:PrescaleEvent                                      1.65e-06     1.97044e-06    9.37e-06      1.94e-06     3.08388e-07     20000   
caloFast_MVANNCE:caloFastMVANNCEFilter:FilterEcalNNTrigger                            4.83e-06     6.50159e-06   4.4852e-05     6.51e-06     1.10427e-06     20000   
caloFast_photon:caloFastPhotonPS:PrescaleEvent                                        1.58e-06     1.85588e-06   1.0771e-05     1.83e-06     2.75266e-07     20000   
caloFast_photon:caloFastPhotonFilter:CaloLikelihood                                    5.1e-06     6.6656e-06    0.000120313      6e-06      1.99857e-06     20000   
aprHelix:aprLowPStopTargPS:PrescaleEvent                                              1.65e-06     2.15905e-06    9.92e-06      2.13e-06     3.33723e-07     20000   
aprHelix:TTmakeSD:StrawDigisFromArtdaqFragments                                       7.87e-06     8.87872e-06   5.3032e-05     8.741e-06    8.45658e-07     20000   
aprHelix:TTmakeSH:StrawHitReco                                                       3.4741e-05    0.000385397    0.827547     0.00028816     0.0058534      20000   
aprHelix:TTmakePH:CombineStrawHits                                                    8.92e-06     6.93801e-05   0.000753504   5.4347e-05    5.29569e-05     20000   
aprHelix:TTflagPH:DeltaFinder                                                        7.4772e-05    0.000352739   0.00419758    0.000254442   0.000310462     20000   
aprHelix:TTTZClusterFinder:TZClusterFinder                                           1.2291e-05    8.3086e-05    0.000684337   5.9222e-05    7.24855e-05     20000   
aprHelix:aprHelixTCFilter:TimeClusterFilter                                           9.051e-06    1.16062e-05   6.6583e-05     1.145e-05    1.18126e-06     20000   
aprHelix:TTAprHelixFinder:AgnosticHelixFinder                                         9.73e-06     0.00024321     0.0113822    9.2242e-05    0.000413828     16299   
aprHelix:TTAprHelixMerger:MergeHelices                                                1.078e-05    1.28433e-05   0.000206156   1.2361e-05    2.65781e-06     16299   
aprHelix:aprHelixHSFilter:HelixFilter                                                 5.68e-06     6.91819e-06   8.9362e-05     6.58e-06     1.25083e-06     16299   
apr_lowP_multiHelix:aprLowPMultiHelixPS:PrescaleEvent                                 2.19e-06     2.84148e-06    1.03e-05      2.81e-06     3.60215e-07     20000   
apr_lowP_multiHelix:aprLowPMultiHelixTCFilter:TimeClusterFilter                       7.09e-06     8.94924e-06   5.2122e-05     8.85e-06     1.01234e-06     20000   
apr_lowP_multiHelix:aprLowPMultiHelixHSFilter:HelixFilter                             4.92e-06     5.93254e-06    1.924e-05     5.69e-06     8.34475e-07     16299   
apr_highP_stopTarg_multiTrk:aprHighPStopTargMultiTrkPS:PrescaleEvent                  1.67e-06     2.07175e-06   1.7281e-05     2.04e-06     3.47761e-07     20000   
apr_highP_stopTarg_multiTrk:aprHighPStopTargMultiTrkTCFilter:TimeClusterFilter        6.29e-06     7.65725e-06   2.4451e-05     7.55e-06     7.70479e-07     20000   
apr_highP_stopTarg_multiTrk:aprHighPStopTargMultiTrkHSFilter:HelixFilter              4.61e-06     5.41326e-06    1.751e-05     5.221e-06    7.18387e-07     16299   
apr_lowP_stopTarg:aprLowPStopTargTCFilter:TimeClusterFilter                           6.26e-06     7.44458e-06   2.8461e-05     7.351e-06    7.40532e-07     20000   
apr_lowP_stopTarg:aprLowPStopTargHSFilter:HelixFilter                                 4.36e-06     5.24108e-06   1.5541e-05     5.06e-06     6.79609e-07     16299   
apr_ue_highP:aprUeHighPPS:PrescaleEvent                                                1.6e-06     1.99828e-06    1.626e-05     1.95e-06     3.42122e-07     20000   
apr_ue_highP:aprUeHighPTCFilter:TimeClusterFilter                                     5.98e-06     7.17478e-06   1.7051e-05       7e-06      8.61741e-07     20000   
apr_ue_highP:aprUeHighPHSFilter:HelixFilter                                           4.63e-06     5.52014e-06   9.8623e-05     5.271e-06    1.13603e-06     16299   
apr_highP:aprHighPPS:PrescaleEvent                                                    1.55e-06     1.90724e-06    1.46e-05      1.87e-06     3.05671e-07     20000   
apr_highP:aprHighPTCFilter:TimeClusterFilter                                          5.76e-06     7.01641e-06   8.4783e-05     6.86e-06     9.81511e-07     20000   
apr_highP:aprHighPHSFilter:HelixFilter                                                4.38e-06     5.20106e-06   4.5752e-05     4.99e-06     8.33941e-07     16299   
apr_highP_stopTarg:aprHighPStopTargPS:PrescaleEvent                                    1.6e-06     1.93733e-06    9.621e-06      1.9e-06     3.03267e-07     20000   
apr_highP_stopTarg:aprHighPStopTargTCFilter:TimeClusterFilter                         5.69e-06     6.84315e-06   2.3841e-05     6.73e-06     7.49655e-07     20000   
apr_highP_stopTarg:aprHighPStopTargHSFilter:HelixFilter                               4.28e-06     5.14347e-06    1.407e-05     4.96e-06     6.94396e-07     16299   
cprHelixUe:cprHelixUePS:PrescaleEvent                                                 1.65e-06     1.97984e-06    1.559e-05     1.95e-06     3.17269e-07     20000   
cprHelixUe:TTCalTimePeakFinderUe:CalTimePeakFinder                                    7.76e-06     1.12726e-05   0.000150924    9.15e-06     7.26025e-06     20000   
cprHelixUe:cprHelixUeTCFilter:TimeClusterFilter                                       6.76e-06     7.88584e-06    1.641e-05     7.701e-06    7.45229e-07     20000   
cprHelixDe:cprHelixDePS:PrescaleEvent                                                 1.62e-06     2.00212e-06    8.941e-06     1.95e-06      2.993e-07      20000   
cprHelixDe:TTCalTimePeakFinder:CalTimePeakFinder                                      6.36e-06     9.31069e-06   0.000148244    7.19e-06     6.96389e-06     20000   
cprHelixDe:cprHelixDeTCFilter:TimeClusterFilter                                       6.39e-06     7.38506e-06    1.768e-05     7.16e-06     7.96933e-07     20000   
cprDe_lowP_stopTarg:cprDeLowPStopTargPS:PrescaleEvent                                 1.61e-06     1.9574e-06     1.937e-05      1.9e-06     3.51547e-07     20000   
cprDe_lowP_stopTarg:cprDeLowPStopTargTCFilter:TimeClusterFilter                       6.23e-06     7.18369e-06   2.1501e-05     6.96e-06     8.46636e-07     20000   
cprDe_highP:cprDeHighPPS:PrescaleEvent                                                1.55e-06     1.84179e-06    1.69e-05      1.81e-06     3.01492e-07     20000   
cprDe_highP:cprDeHighPTCFilter:TimeClusterFilter                                        6e-06      6.93474e-06   2.6241e-05     6.82e-06     7.18656e-07     20000   
cprDe_highP_stopTarg:cprDeHighPStopTargPS:PrescaleEvent                               1.54e-06     1.84252e-06    7.89e-06      1.81e-06     2.36101e-07     20000   
cprDe_highP_stopTarg:cprDeHighPStopTargTCFilter:TimeClusterFilter                     5.79e-06     6.83853e-06   2.1601e-05     6.75e-06     6.53605e-07     20000   
tprHelixUe:tprHelixUePS:PrescaleEvent                                                 1.67e-06     2.00147e-06   1.7431e-05     1.97e-06     3.2238e-07      20000   
tprHelixUe:TTtimeClusterFinderUe:TimeClusterFinder                                   2.7811e-05    0.00172543     0.0294656    0.00102916    0.00215875      20000   
tprHelixUe:tprHelixUeTCFilter:TimeClusterFilter                                       7.151e-06    1.06254e-05   0.000182265    1.067e-05    1.90578e-06     20000   
tprHelixUe:TThelixFinderUe:RobustHelixFinder                                          9.02e-06     0.000570704    0.0210579    0.000302529   0.000852961     19881   
tprHelixUe:TTHelixMergerUe:MergeHelices                                               9.571e-06    1.46419e-05   0.000613237    1.354e-05    7.09068e-06     19881   
tprHelixUe:tprHelixUeHSFilter:HelixFilter                                              5.5e-06     7.78706e-06   0.000116223    6.97e-06     1.93981e-06     19881   
tprHelixDe:tprHelixDePS:PrescaleEvent                                                 1.75e-06     2.75722e-06    9.87e-06      2.76e-06     3.92977e-07     20000   
tprHelixDe:TTtimeClusterFinder:TimeClusterFinder                                      2.589e-05    0.00165074     0.0256124    0.000968066   0.00210758      20000   
tprHelixDe:tprHelixDeTCFilter:TimeClusterFilter                                       7.111e-06    1.09442e-05   5.8872e-05    1.0961e-05    1.35953e-06     20000   
tprHelixDe:TThelixFinder:RobustHelixFinder                                            7.971e-06    0.000621727    0.0171002    0.000317739   0.000969469     19889   
tprHelixDe:TTHelixMergerDe:MergeHelices                                               8.83e-06     1.3987e-05    0.000205396    1.298e-05    4.82857e-06     19889   
tprHelixDe:tprHelixDeHSFilter:HelixFilter                                             4.95e-06     7.21315e-06   2.4231e-05     6.37e-06     1.78905e-06     19889   
tprHelixDe_ipa_phiScaled:tprHelixDeIpaPhiScaledPS:PrescaleEvent                        1.8e-06     2.77872e-06    1.067e-05     2.78e-06     4.04293e-07     20000   
tprHelixDe_ipa_phiScaled:tprHelixDeIpaPhiScaledTCFilter:TimeClusterFilter             5.98e-06     9.80181e-06   0.000196026    9.75e-06     1.93696e-06     20000   
tprHelixDe_ipa_phiScaled:tprHelixDeIpaPhiScaledHSFilter:HelixFilter                   4.55e-06     5.81839e-06   1.8541e-05     5.43e-06     1.03606e-06     19889   
tprHelixDe_ipa:tprHelixDeIpaPS:PrescaleEvent                                          1.59e-06     2.03697e-06    1.024e-05     2.01e-06     2.97741e-07     20000   
tprHelixDe_ipa:tprHelixDeIpaTCFilter:TimeClusterFilter                                5.81e-06     7.71137e-06   0.000202225    7.57e-06     2.44065e-06     20000   
tprHelixDe_ipa:tprHelixDeIpaHSFilter:HelixFilter                                      4.44e-06     5.46027e-06   1.6621e-05     5.12e-06     8.92335e-07     19889   
tprDe_lowP_stopTarg:tprDeLowPStopTargPS:PrescaleEvent                                 1.61e-06     1.96772e-06    8.78e-06      1.94e-06     2.69624e-07     20000   
tprDe_lowP_stopTarg:tprDeLowPStopTargTCFilter:TimeClusterFilter                       6.11e-06     7.58542e-06   0.000191116    7.43e-06     2.28117e-06     20000   
tprDe_lowP_stopTarg:tprDeLowPStopTargHSFilter:HelixFilter                             4.75e-06     6.07543e-06   7.9703e-05     5.51e-06     1.29668e-06     19935   
tprDe_highP:tprDeHighPPS:PrescaleEvent                                                1.61e-06     2.02379e-06    9.34e-06      1.911e-06    4.14572e-07     20000   
tprDe_highP:tprDeHighPTCFilter:TimeClusterFilter                                      6.01e-06     7.71032e-06   0.000158514    7.32e-06     1.67012e-06     20000   
tprDe_highP:tprDeHighPHSFilter:HelixFilter                                            4.42e-06     5.90804e-06   2.0381e-05     5.13e-06     1.69375e-06     19889   
tprDe_highP_stopTarg:tprDeHighPStopTargPS:PrescaleEvent                               1.56e-06     1.89988e-06    1.369e-05     1.85e-06     2.98185e-07     20000   
tprDe_highP_stopTarg:tprDeHighPStopTargTCFilter:TimeClusterFilter                       6e-06      7.34682e-06   0.000551916    7.12e-06     4.21091e-06     20000   
tprDe_highP_stopTarg:tprDeHighPStopTargHSFilter:HelixFilter                           4.49e-06     5.78496e-06   0.000441783    5.18e-06     3.3396e-06      19889   
mprDe_highP_stopTarg:mprDeHighPStopTargPS:PrescaleEvent                               1.53e-06     1.83511e-06    8.34e-06      1.81e-06     2.33407e-07     20000   
mprDe_highP_stopTarg:mprDeHighPStopTargTCFilter:TimeClusterFilter                     6.21e-06     8.87307e-06   0.000224467    7.51e-06     1.32877e-05     20000   
mprDe_highP_stopTarg:TTRobustMultiHelixFinder:RobustMultiHelixFinder                 1.6391e-05    0.00380528     0.175815     0.00137185    0.00811515      19889   
mprDe_highP_stopTarg:TTMprHelixMergerDe:MergeHelices                                  1.21e-05     0.00014035    0.00479416    3.9731e-05    0.000289186     19889   
mprDe_highP_stopTarg:mprDeHighPStopTargHSFilter:HelixFilter                           5.14e-06     1.85122e-05   0.000111303    1.497e-05    1.26994e-05     19889   
mprDe_highP_stopTarg:TTMprKSFDe:LoopHelixFit                                         0.000139354    0.0115851     0.0933023    0.00812531     0.0107718      12429   
mprDe_highP_stopTarg:mprDeHighPStopTargKSFilter:KalSeedFilter                         7.62e-06     1.68675e-05   9.5033e-05     1.548e-05    6.56582e-06     12429   
lumiStream:lumiStreamPS:PrescaleEvent                                                 1.61e-06     2.95641e-06    1.04e-05      3.07e-06     5.56333e-07     20000   
lumiStream:lumiBuffer:LumiStreamFilter                                                2.03e-05     2.35147e-05   0.000241398   2.3251e-05    2.22639e-06     20000   
[art]:TriggerResults:TriggerResultInserter                                            3.411e-06    3.9687e-06     2.251e-05     3.92e-06     4.10116e-07     20000   
cprHelixUe:TTCalHelixFinderUe:CalHelixFinder                                         2.3711e-05    0.000172911   0.00257884    0.000114544   0.000175066     1715    
cprHelixUe:TTCalHelixMergerUe:MergeHelices                                            9.91e-06     1.21174e-05   2.2581e-05     1.185e-05    1.31458e-06     1715    
cprHelixUe:cprHelixUeHSFilter:HelixFilter                                             5.74e-06     6.79629e-06   1.3601e-05     6.53e-06     9.1094e-07      1715    
cprHelixDe:TTCalHelixFinderDe:CalHelixFinder                                          2.06e-05     0.000185507   0.00267529    0.000120373   0.000194549     1788    
cprHelixDe:TTCalHelixMergerDe:MergeHelices                                            9.67e-06     1.2062e-05    2.7131e-05     1.161e-05    1.63571e-06     1788    
cprHelixDe:cprHelixDeHSFilter:HelixFilter                                             5.45e-06     6.72266e-06    1.561e-05     6.28e-06     1.19407e-06     1788    
cprDe_lowP_stopTarg:cprDeLowPStopTargHSFilter:HelixFilter                             5.01e-06     6.08938e-06   1.4271e-05     5.79e-06     8.45621e-07     1788    
cprDe_highP:cprDeHighPHSFilter:HelixFilter                                            4.62e-06     5.51714e-06    1.389e-05     5.18e-06     1.01154e-06     1788    
cprDe_highP_stopTarg:cprDeHighPStopTargHSFilter:HelixFilter                           4.68e-06     5.6423e-06    1.2921e-05     5.41e-06     7.47202e-07     1788    
tprHelixDe:tprHelixDeTriggerInfoMerger:MergeTriggerInfo                               1.277e-05    1.5439e-05    0.000110784   1.5191e-05    2.87308e-06     1391    
tprDe_lowP_stopTarg:TTKSFDe:LoopHelixFit                                             0.000153374   0.00172902     0.0119982    0.00150045    0.00110065      1698    
tprDe_lowP_stopTarg:tprDeLowPStopTargKSFilter:KalSeedFilter                           7.31e-06     1.1088e-05    2.6361e-05    1.1565e-05    2.4033e-06      1698    
apr_lowP_stopTarg:TTAprKSF:LoopHelixFit                                              0.000165175   0.00114437    0.00735081     0.0010558    0.00092965       564    
apr_lowP_stopTarg:aprLowPStopTargKSFilter:KalSeedFilter                               4.57e-06     1.03969e-05    2.225e-05    9.5105e-06    2.59073e-06      592    
apr_lowP_stopTarg:aprLowPStopTargTriggerInfoMerger:MergeTriggerInfo                  1.2801e-05    1.69765e-05   2.7441e-05    1.68205e-05   1.4993e-06       124    
mprDe_highP_stopTarg:mprDeHighPStopTargTriggerInfoMerger:MergeTriggerInfo             1.537e-05    1.83506e-05   6.2302e-05     1.783e-05    3.0129e-06       331    
tprHelixUe:tprHelixUeTriggerInfoMerger:MergeTriggerInfo                               1.287e-05    1.57196e-05   4.4022e-05     1.553e-05    1.6452e-06      1831    
tprDe_lowP_stopTarg:tprDeLowPStopTargTriggerInfoMerger:MergeTriggerInfo               1.465e-05    1.63294e-05   2.1211e-05     1.616e-05    1.06113e-06      145    
apr_ue_highP:TTAprUeKSF:LoopHelixFit                                                 0.000145124   0.00079693    0.00719756    0.000529822   0.000755646      314    
apr_ue_highP:aprUeHighPKSFilter:KalSeedFilter                                         6.45e-06     8.67316e-06    1.337e-05    8.3405e-06    1.35595e-06      314    
apr_highP:TTAprKSF:LoopHelixFit                                                      0.000137745   0.000907193   0.00621825    0.000676108   0.000810347      133    
apr_highP:aprHighPKSFilter:KalSeedFilter                                              4.55e-06     6.83889e-06    1.558e-05    5.9405e-06    1.9576e-06       314    
aprHelix:aprHelixTriggerInfoMerger:MergeTriggerInfo                                  1.3681e-05    1.59916e-05   3.4641e-05     1.576e-05    1.44039e-06     1259    
tprDe_highP:tprDeHighPKSFilter:KalSeedFilter                                          4.47e-06     7.09885e-06   0.000469683    5.88e-06     1.41278e-05     1096    
tprDe_highP_stopTarg:tprDeHighPStopTargKSFilter:KalSeedFilter                          4.4e-06     6.05019e-06   1.2491e-05     5.31e-06     1.39851e-06      684    
tprDe_lowP_stopTarg:TThelixFinder:RobustHelixFinder                                   8.821e-06    3.00989e-05   0.000215196   1.4895e-05    4.0214e-05       46     
tprDe_lowP_stopTarg:TTHelixMergerDe:MergeHelices                                      9.891e-06    1.21277e-05    1.675e-05    1.19805e-05   1.20517e-06      46     
tprHelixDe_ipa:tprHelixDeIpaTriggerInfoMerger:MergeTriggerInfo                        1.008e-05    1.28611e-05   1.8891e-05    1.24305e-05   1.49348e-06      536    
tprHelixDe_ipa_phiScaled:tprHelixDeIpaPhiScaledTriggerInfoMerger:MergeTriggerInfo    1.1571e-05    1.39295e-05   1.7861e-05    1.4111e-05    1.49528e-06      131    
cprHelixDe:cprHelixDeTriggerInfoMerger:MergeTriggerInfo                              1.4701e-05    1.63879e-05   2.5241e-05     1.634e-05    1.25491e-06      81     
cprDe_highP:TTCalSeedFitDe:LoopHelixFit                                              0.000311818   0.000885906   0.00145896    0.00096667    0.000457322       5     
cprDe_highP:cprDeHighPKSFilter:KalSeedFilter                                          5.04e-06     6.88838e-06   1.3591e-05     5.89e-06     2.05302e-06      45     
tprDe_highP:TTKSFDe:LoopHelixFit                                                     0.000168345   0.00133738    0.00568653    0.00105386    0.00100375       121    
cprDe_lowP_stopTarg:TTCalSeedFitDe:LoopHelixFit                                      0.000149065   0.000939082    0.0033272    0.000927586   0.000659286      77     
cprDe_lowP_stopTarg:cprDeLowPStopTargKSFilter:KalSeedFilter                           7.72e-06     1.04739e-05   1.5781e-05     9.59e-06     2.11412e-06      77     
apr_highP_stopTarg:aprHighPStopTargKSFilter:KalSeedFilter                             4.681e-06    5.66184e-06    9.18e-06       5.3e-06     1.00312e-06      73     
apr_lowP_multiHelix:TTAprKSF:LoopHelixFit                                            0.00037181     0.0020877    0.00751233     0.0017317    0.00150061       29     
apr_lowP_multiHelix:aprLowPMultiHelixKSFilter:KalSeedFilter                           7.94e-06     1.13869e-05    1.668e-05     1.028e-05    2.67874e-06      29     
apr_highP_stopTarg_multiTrk:aprHighPStopTargMultiTrkKSFilter:KalSeedFilter            5.72e-06     6.70014e-06    9.141e-06     5.88e-06     1.2129e-06        7     
cprDe_highP_stopTarg:cprDeHighPStopTargKSFilter:KalSeedFilter                         5.111e-06    6.89026e-06   1.1921e-05     5.97e-06     1.71363e-06      19     
cprDe_lowP_stopTarg:cprDeLowPStopTargTriggerInfoMerger:MergeTriggerInfo               1.588e-05    1.74505e-05   2.2471e-05    1.70705e-05   1.65242e-06      18     
apr_highP:aprHighPTriggerInfoMerger:MergeTriggerInfo                                  1.548e-05    1.8097e-05    1.9541e-05     1.927e-05    1.8538e-06        3     
tprDe_highP:tprDeHighPTriggerInfoMerger:MergeTriggerInfo                              1.311e-05    1.4563e-05    1.6271e-05    1.44355e-05   1.30852e-06       4     
apr_lowP_multiHelix:aprLowPMultiHelixTriggerInfoMerger:MergeTriggerInfo              1.5811e-05    1.72105e-05    1.861e-05    1.72105e-05   1.3995e-06        2     
tprDe_highP_stopTarg:tprDeHighPStopTargTriggerInfoMerger:MergeTriggerInfo             1.395e-05     1.395e-05     1.395e-05     1.395e-05         0            1     
cprDe_highP:cprDeHighPTriggerInfoMerger:MergeTriggerInfo                             1.4431e-05    1.4431e-05    1.4431e-05    1.4431e-05         0            1     
cprDe_highP_stopTarg:cprDeHighPStopTargTriggerInfoMerger:MergeTriggerInfo            1.2871e-05    1.2871e-05    1.2871e-05    1.2871e-05         0            1     
apr_highP_stopTarg:aprHighPStopTargTriggerInfoMerger:MergeTriggerInfo                1.4051e-05    1.4051e-05    1.4051e-05    1.4051e-05         0            1     
=======================================================================================================================================================================
DbEngine::endJob
    Total time in reading DB: 0.64064 s
    Total time waiting for locks: 1e-06 s
    Total time in locks: 0.480442 s
    valcache memory: 79103 b
  Database cache stats:
    cache nTable : 11
    cache HWM    : 1364957 b
    cache nPurges : 0
    cache nPurged : 0

TrigReport ---------- Event summary -------------
TrigReport Events total = 20000 passed = 4796 failed = 15204

TrigReport ---------- Trigger-path summary ------------
TrigReport    Path ID        Run     Passed     Failed      Error Name
TrigReport        100      20000          1      19999          0 tprDe_highP_stopTarg
TrigReport        101      20000          4      19996          0 tprDe_highP
TrigReport        110      20000        145      19855          0 tprDe_lowP_stopTarg
TrigReport        120      20000        536      19464          0 tprHelixDe_ipa
TrigReport        121      20000        131      19869          0 tprHelixDe_ipa_phiScaled
TrigReport        130      20000       1391      18609          0 tprHelixDe
TrigReport        131      20000       1831      18169          0 tprHelixUe
TrigReport        150      20000          1      19999          0 cprDe_highP_stopTarg
TrigReport        151      20000          1      19999          0 cprDe_highP
TrigReport        160      20000         18      19982          0 cprDe_lowP_stopTarg
TrigReport        170      20000         81      19919          0 cprHelixDe
TrigReport        171      20000         35      19965          0 cprHelixUe
TrigReport        180      20000          1      19999          0 apr_highP_stopTarg
TrigReport        181      20000          3      19997          0 apr_highP
TrigReport        185      20000          0      20000          0 apr_ue_highP
TrigReport        190      20000        124      19876          0 apr_lowP_stopTarg
TrigReport        191      20000          0      20000          0 apr_highP_stopTarg_multiTrk
TrigReport        192      20000          2      19998          0 apr_lowP_multiHelix
TrigReport        195      20000       1259      18741          0 aprHelix
TrigReport        200      20000        471      19529          0 caloFast_photon
TrigReport        201      20000       1858      18142          0 caloFast_MVANNCE
TrigReport        202      20000          0      20000          0 caloFast_cosmic
TrigReport        210      20000        331      19669          0 mprDe_highP_stopTarg
TrigReport        220      20000          0      20000          0 caloFast_RMC
TrigReport        310      20000          0      20000          0 cstTimeCluster
TrigReport        320      20000          0      20000          0 cstCosmicTrackSeed
TrigReport        400      20000          0      20000          0 minBias_SDCount
TrigReport        410      20000          0      20000          0 minBias_CDCount
TrigReport        500      20000          0      20000          0 caloHitRec_N0Source
TrigReport        800      20000          6      19994          0 lumiStream

TrigReport ---------- End-path summary ---------
TrigReport        Run    Success      Error

TrigReport ---------- Modules in path: aprHelix ------------
TrigReport    Path ID    Visited     Passed     Failed      Error Name
TrigReport        195      20000      20000          0          0 processCFOData
TrigReport        195      20000      20000          0          0 aprLowPStopTargPS
TrigReport        195      20000      20000          0          0 CaloHitMakerFast
TrigReport        195      20000      20000          0          0 CaloClusterFast
TrigReport        195      20000      20000          0          0 TTmakeSD
TrigReport        195      20000      20000          0          0 TTmakeSH
TrigReport        195      20000      20000          0          0 TTmakePH
TrigReport        195      20000      20000          0          0 TTflagPH
TrigReport        195      20000      20000          0          0 TTTZClusterFinder
TrigReport        195      20000      16299       3701          0 aprHelixTCFilter
TrigReport        195      16299      16299          0          0 TTAprHelixFinder
TrigReport        195      16299      16299          0          0 TTAprHelixMerger
TrigReport        195      16299       1259      15040          0 aprHelixHSFilter
TrigReport        195       1259       1259          0          0 aprHelixTriggerInfoMerger

TrigReport ---------- Modules in path: apr_highP ------------
TrigReport    Path ID    Visited     Passed     Failed      Error Name
TrigReport        181      20000      20000          0          0 processCFOData
TrigReport        181      20000      20000          0          0 aprHighPPS
TrigReport        181      20000      20000          0          0 CaloHitMakerFast
TrigReport        181      20000      20000          0          0 CaloClusterFast
TrigReport        181      20000      20000          0          0 TTmakeSD
TrigReport        181      20000      20000          0          0 TTmakeSH
TrigReport        181      20000      20000          0          0 TTmakePH
TrigReport        181      20000      20000          0          0 TTflagPH
TrigReport        181      20000      20000          0          0 TTTZClusterFinder
TrigReport        181      20000      16299       3701          0 aprHighPTCFilter
TrigReport        181      16299      16299          0          0 TTAprHelixFinder
TrigReport        181      16299      16299          0          0 TTAprHelixMerger
TrigReport        181      16299        314      15985          0 aprHighPHSFilter
TrigReport        181        314        314          0          0 TTAprKSF
TrigReport        181        314          3        311          0 aprHighPKSFilter
TrigReport        181          3          3          0          0 aprHighPTriggerInfoMerger

TrigReport ---------- Modules in path: apr_highP_stopTarg ------------
TrigReport    Path ID    Visited     Passed     Failed      Error Name
TrigReport        180      20000      20000          0          0 processCFOData
TrigReport        180      20000      20000          0          0 aprHighPStopTargPS
TrigReport        180      20000      20000          0          0 CaloHitMakerFast
TrigReport        180      20000      20000          0          0 CaloClusterFast
TrigReport        180      20000      20000          0          0 TTmakeSD
TrigReport        180      20000      20000          0          0 TTmakeSH
TrigReport        180      20000      20000          0          0 TTmakePH
TrigReport        180      20000      20000          0          0 TTflagPH
TrigReport        180      20000      20000          0          0 TTTZClusterFinder
TrigReport        180      20000      16299       3701          0 aprHighPStopTargTCFilter
TrigReport        180      16299      16299          0          0 TTAprHelixFinder
TrigReport        180      16299      16299          0          0 TTAprHelixMerger
TrigReport        180      16299         73      16226          0 aprHighPStopTargHSFilter
TrigReport        180         73         73          0          0 TTAprKSF
TrigReport        180         73          1         72          0 aprHighPStopTargKSFilter
TrigReport        180          1          1          0          0 aprHighPStopTargTriggerInfoMerger

TrigReport ---------- Modules in path: apr_highP_stopTarg_multiTrk ------------
TrigReport    Path ID    Visited     Passed     Failed      Error Name
TrigReport        191      20000      20000          0          0 processCFOData
TrigReport        191      20000      20000          0          0 aprHighPStopTargMultiTrkPS
TrigReport        191      20000      20000          0          0 CaloHitMakerFast
TrigReport        191      20000      20000          0          0 CaloClusterFast
TrigReport        191      20000      20000          0          0 TTmakeSD
TrigReport        191      20000      20000          0          0 TTmakeSH
TrigReport        191      20000      20000          0          0 TTmakePH
TrigReport        191      20000      20000          0          0 TTflagPH
TrigReport        191      20000      20000          0          0 TTTZClusterFinder
TrigReport        191      20000      16299       3701          0 aprHighPStopTargMultiTrkTCFilter
TrigReport        191      16299      16299          0          0 TTAprHelixFinder
TrigReport        191      16299      16299          0          0 TTAprHelixMerger
TrigReport        191      16299          7      16292          0 aprHighPStopTargMultiTrkHSFilter
TrigReport        191          7          7          0          0 TTAprKSF
TrigReport        191          7          0          7          0 aprHighPStopTargMultiTrkKSFilter
TrigReport        191          0          0          0          0 aprHighPStopTargMultiTrkTriggerInfoMerger

TrigReport ---------- Modules in path: apr_lowP_multiHelix ------------
TrigReport    Path ID    Visited     Passed     Failed      Error Name
TrigReport        192      20000      20000          0          0 processCFOData
TrigReport        192      20000      20000          0          0 aprLowPMultiHelixPS
TrigReport        192      20000      20000          0          0 CaloHitMakerFast
TrigReport        192      20000      20000          0          0 CaloClusterFast
TrigReport        192      20000      20000          0          0 TTmakeSD
TrigReport        192      20000      20000          0          0 TTmakeSH
TrigReport        192      20000      20000          0          0 TTmakePH
TrigReport        192      20000      20000          0          0 TTflagPH
TrigReport        192      20000      20000          0          0 TTTZClusterFinder
TrigReport        192      20000      16299       3701          0 aprLowPMultiHelixTCFilter
TrigReport        192      16299      16299          0          0 TTAprHelixFinder
TrigReport        192      16299      16299          0          0 TTAprHelixMerger
TrigReport        192      16299         29      16270          0 aprLowPMultiHelixHSFilter
TrigReport        192         29         29          0          0 TTAprKSF
TrigReport        192         29          2         27          0 aprLowPMultiHelixKSFilter
TrigReport        192          2          2          0          0 aprLowPMultiHelixTriggerInfoMerger

TrigReport ---------- Modules in path: apr_lowP_stopTarg ------------
TrigReport    Path ID    Visited     Passed     Failed      Error Name
TrigReport        190      20000      20000          0          0 processCFOData
TrigReport        190      20000      20000          0          0 aprLowPStopTargPS
TrigReport        190      20000      20000          0          0 CaloHitMakerFast
TrigReport        190      20000      20000          0          0 CaloClusterFast
TrigReport        190      20000      20000          0          0 TTmakeSD
TrigReport        190      20000      20000          0          0 TTmakeSH
TrigReport        190      20000      20000          0          0 TTmakePH
TrigReport        190      20000      20000          0          0 TTflagPH
TrigReport        190      20000      20000          0          0 TTTZClusterFinder
TrigReport        190      20000      16299       3701          0 aprLowPStopTargTCFilter
TrigReport        190      16299      16299          0          0 TTAprHelixFinder
TrigReport        190      16299      16299          0          0 TTAprHelixMerger
TrigReport        190      16299        592      15707          0 aprLowPStopTargHSFilter
TrigReport        190        592        592          0          0 TTAprKSF
TrigReport        190        592        124        468          0 aprLowPStopTargKSFilter
TrigReport        190        124        124          0          0 aprLowPStopTargTriggerInfoMerger

TrigReport ---------- Modules in path: apr_ue_highP ------------
TrigReport    Path ID    Visited     Passed     Failed      Error Name
TrigReport        185      20000      20000          0          0 processCFOData
TrigReport        185      20000      20000          0          0 aprUeHighPPS
TrigReport        185      20000      20000          0          0 CaloHitMakerFast
TrigReport        185      20000      20000          0          0 CaloClusterFast
TrigReport        185      20000      20000          0          0 TTmakeSD
TrigReport        185      20000      20000          0          0 TTmakeSH
TrigReport        185      20000      20000          0          0 TTmakePH
TrigReport        185      20000      20000          0          0 TTflagPH
TrigReport        185      20000      20000          0          0 TTTZClusterFinder
TrigReport        185      20000      16299       3701          0 aprUeHighPTCFilter
TrigReport        185      16299      16299          0          0 TTAprHelixFinder
TrigReport        185      16299      16299          0          0 TTAprHelixMerger
TrigReport        185      16299        314      15985          0 aprUeHighPHSFilter
TrigReport        185        314        314          0          0 TTAprUeKSF
TrigReport        185        314          0        314          0 aprUeHighPKSFilter
TrigReport        185          0          0          0          0 aprUeHighPTriggerInfoMerger

TrigReport ---------- Modules in path: caloFast_MVANNCE ------------
TrigReport    Path ID    Visited     Passed     Failed      Error Name
TrigReport        201      20000      20000          0          0 processCFOData
TrigReport        201      20000      20000          0          0 caloFastMVANNCEPS
TrigReport        201      20000      20000          0          0 CaloHitMakerFast
TrigReport        201      20000      20000          0          0 CaloClusterFast
TrigReport        201      20000       1858      18142          0 caloFastMVANNCEFilter

TrigReport ---------- Modules in path: caloFast_RMC ------------
TrigReport    Path ID    Visited     Passed     Failed      Error Name
TrigReport        220      20000      20000          0          0 processCFOData
TrigReport        220      20000      20000          0          0 caloFastRMCPS
TrigReport        220      20000      20000          0          0 CaloHitMakerFast
TrigReport        220      20000      20000          0          0 CaloClusterFast
TrigReport        220      20000          0      20000          0 caloFastRMCFilter

TrigReport ---------- Modules in path: caloFast_cosmic ------------
TrigReport    Path ID    Visited     Passed     Failed      Error Name
TrigReport        202      20000      20000          0          0 processCFOData
TrigReport        202      20000      20000          0          0 caloFastCosmicPS
TrigReport        202      20000      20000          0          0 CaloHitMakerFast
TrigReport        202      20000      20000          0          0 CaloClusterFast
TrigReport        202      20000          0      20000          0 caloFastCosmicFilter

TrigReport ---------- Modules in path: caloFast_photon ------------
TrigReport    Path ID    Visited     Passed     Failed      Error Name
TrigReport        200      20000      20000          0          0 processCFOData
TrigReport        200      20000      20000          0          0 caloFastPhotonPS
TrigReport        200      20000      20000          0          0 CaloHitMakerFast
TrigReport        200      20000      20000          0          0 CaloClusterFast
TrigReport        200      20000        471      19529          0 caloFastPhotonFilter

TrigReport ---------- Modules in path: caloHitRec_N0Source ------------
TrigReport    Path ID    Visited     Passed     Failed      Error Name
TrigReport        500      20000      20000          0          0 processCFOData
TrigReport        500      20000          0      20000          0 caloHitRecN0SourcePS
TrigReport        500          0          0          0          0 CaloHitMakerFast
TrigReport        500          0          0          0          0 caloHitRecN0SourceFilter

TrigReport ---------- Modules in path: cprDe_highP ------------
TrigReport    Path ID    Visited     Passed     Failed      Error Name
TrigReport        151      20000      20000          0          0 processCFOData
TrigReport        151      20000      20000          0          0 cprDeHighPPS
TrigReport        151      20000      20000          0          0 CaloHitMakerFast
TrigReport        151      20000      20000          0          0 CaloClusterFast
TrigReport        151      20000      20000          0          0 TTmakeSD
TrigReport        151      20000      20000          0          0 TTmakeSH
TrigReport        151      20000      20000          0          0 TTmakePH
TrigReport        151      20000      20000          0          0 TTflagPH
TrigReport        151      20000      20000          0          0 TTCalTimePeakFinder
TrigReport        151      20000       1788      18212          0 cprDeHighPTCFilter
TrigReport        151       1788       1788          0          0 TTCalHelixFinderDe
TrigReport        151       1788       1788          0          0 TTCalHelixMergerDe
TrigReport        151       1788         45       1743          0 cprDeHighPHSFilter
TrigReport        151         45         45          0          0 TTCalSeedFitDe
TrigReport        151         45          1         44          0 cprDeHighPKSFilter
TrigReport        151          1          1          0          0 cprDeHighPTriggerInfoMerger

TrigReport ---------- Modules in path: cprDe_highP_stopTarg ------------
TrigReport    Path ID    Visited     Passed     Failed      Error Name
TrigReport        150      20000      20000          0          0 processCFOData
TrigReport        150      20000      20000          0          0 cprDeHighPStopTargPS
TrigReport        150      20000      20000          0          0 CaloHitMakerFast
TrigReport        150      20000      20000          0          0 CaloClusterFast
TrigReport        150      20000      20000          0          0 TTmakeSD
TrigReport        150      20000      20000          0          0 TTmakeSH
TrigReport        150      20000      20000          0          0 TTmakePH
TrigReport        150      20000      20000          0          0 TTflagPH
TrigReport        150      20000      20000          0          0 TTCalTimePeakFinder
TrigReport        150      20000       1788      18212          0 cprDeHighPStopTargTCFilter
TrigReport        150       1788       1788          0          0 TTCalHelixFinderDe
TrigReport        150       1788       1788          0          0 TTCalHelixMergerDe
TrigReport        150       1788         19       1769          0 cprDeHighPStopTargHSFilter
TrigReport        150         19         19          0          0 TTCalSeedFitDe
TrigReport        150         19          1         18          0 cprDeHighPStopTargKSFilter
TrigReport        150          1          1          0          0 cprDeHighPStopTargTriggerInfoMerger

TrigReport ---------- Modules in path: cprDe_lowP_stopTarg ------------
TrigReport    Path ID    Visited     Passed     Failed      Error Name
TrigReport        160      20000      20000          0          0 processCFOData
TrigReport        160      20000      20000          0          0 cprDeLowPStopTargPS
TrigReport        160      20000      20000          0          0 CaloHitMakerFast
TrigReport        160      20000      20000          0          0 CaloClusterFast
TrigReport        160      20000      20000          0          0 TTmakeSD
TrigReport        160      20000      20000          0          0 TTmakeSH
TrigReport        160      20000      20000          0          0 TTmakePH
TrigReport        160      20000      20000          0          0 TTflagPH
TrigReport        160      20000      20000          0          0 TTCalTimePeakFinder
TrigReport        160      20000       1788      18212          0 cprDeLowPStopTargTCFilter
TrigReport        160       1788       1788          0          0 TTCalHelixFinderDe
TrigReport        160       1788       1788          0          0 TTCalHelixMergerDe
TrigReport        160       1788         77       1711          0 cprDeLowPStopTargHSFilter
TrigReport        160         77         77          0          0 TTCalSeedFitDe
TrigReport        160         77         18         59          0 cprDeLowPStopTargKSFilter
TrigReport        160         18         18          0          0 cprDeLowPStopTargTriggerInfoMerger

TrigReport ---------- Modules in path: cprHelixDe ------------
TrigReport    Path ID    Visited     Passed     Failed      Error Name
TrigReport        170      20000      20000          0          0 processCFOData
TrigReport        170      20000      20000          0          0 cprHelixDePS
TrigReport        170      20000      20000          0          0 CaloHitMakerFast
TrigReport        170      20000      20000          0          0 CaloClusterFast
TrigReport        170      20000      20000          0          0 TTmakeSD
TrigReport        170      20000      20000          0          0 TTmakeSH
TrigReport        170      20000      20000          0          0 TTmakePH
TrigReport        170      20000      20000          0          0 TTflagPH
TrigReport        170      20000      20000          0          0 TTCalTimePeakFinder
TrigReport        170      20000       1788      18212          0 cprHelixDeTCFilter
TrigReport        170       1788       1788          0          0 TTCalHelixFinderDe
TrigReport        170       1788       1788          0          0 TTCalHelixMergerDe
TrigReport        170       1788         81       1707          0 cprHelixDeHSFilter
TrigReport        170         81         81          0          0 cprHelixDeTriggerInfoMerger

TrigReport ---------- Modules in path: cprHelixUe ------------
TrigReport    Path ID    Visited     Passed     Failed      Error Name
TrigReport        171      20000      20000          0          0 processCFOData
TrigReport        171      20000      20000          0          0 cprHelixUePS
TrigReport        171      20000      20000          0          0 CaloHitMakerFast
TrigReport        171      20000      20000          0          0 CaloClusterFast
TrigReport        171      20000      20000          0          0 TTmakeSD
TrigReport        171      20000      20000          0          0 TTmakeSH
TrigReport        171      20000      20000          0          0 TTmakePH
TrigReport        171      20000      20000          0          0 TTflagPH
TrigReport        171      20000      20000          0          0 TTCalTimePeakFinderUe
TrigReport        171      20000       1715      18285          0 cprHelixUeTCFilter
TrigReport        171       1715       1715          0          0 TTCalHelixFinderUe
TrigReport        171       1715       1715          0          0 TTCalHelixMergerUe
TrigReport        171       1715         35       1680          0 cprHelixUeHSFilter

TrigReport ---------- Modules in path: cstCosmicTrackSeed ------------
TrigReport    Path ID    Visited     Passed     Failed      Error Name
TrigReport        320      20000      20000          0          0 processCFOData
TrigReport        320      20000          0      20000          0 cstCosmicTrackSeedPS
TrigReport        320          0          0          0          0 TTmakeSD
TrigReport        320          0          0          0          0 TTOmakeSH
TrigReport        320          0          0          0          0 TTOmakePH
TrigReport        320          0          0          0          0 cstCosmicTrackSeedSDCountFilter
TrigReport        320          0          0          0          0 CstSimpleTimeCluster
TrigReport        320          0          0          0          0 cstCosmicTrackSeedTCFilter
TrigReport        320          0          0          0          0 CstLineFinder
TrigReport        320          0          0          0          0 cstCosmicTrackSeedCTSFilter
TrigReport        320          0          0          0          0 cstCosmicTrackSeedTriggerInfoMerger

TrigReport ---------- Modules in path: cstTimeCluster ------------
TrigReport    Path ID    Visited     Passed     Failed      Error Name
TrigReport        310      20000      20000          0          0 processCFOData
TrigReport        310      20000          0      20000          0 cstTimeClusterPS
TrigReport        310          0          0          0          0 TTmakeSD
TrigReport        310          0          0          0          0 TTOmakeSH
TrigReport        310          0          0          0          0 TTOmakePH
TrigReport        310          0          0          0          0 cstTimeClusterSDCountFilter
TrigReport        310          0          0          0          0 CstSimpleTimeCluster
TrigReport        310          0          0          0          0 cstTimeClusterTCFilter
TrigReport        310          0          0          0          0 cstTimeClusterTriggerInfoMerger

TrigReport ---------- Modules in path: lumiStream ------------
TrigReport    Path ID    Visited     Passed     Failed      Error Name
TrigReport        800      20000      20000          0          0 processCFOData
TrigReport        800      20000      20000          0          0 lumiStreamPS
TrigReport        800      20000      20000          0          0 CaloHitMakerFast
TrigReport        800      20000      20000          0          0 CaloClusterFast
TrigReport        800      20000      20000          0          0 TTmakeSD
TrigReport        800      20000      20000          0          0 TTmakeSH
TrigReport        800      20000      20000          0          0 TTmakePH
TrigReport        800      20000      20000          0          0 TTflagPH
TrigReport        800      20000      20000          0          0 TTTZClusterFinder
TrigReport        800      20000          6      19994          0 lumiBuffer

TrigReport ---------- Modules in path: minBias_CDCount ------------
TrigReport    Path ID    Visited     Passed     Failed      Error Name
TrigReport        410      20000      20000          0          0 processCFOData
TrigReport        410      20000          0      20000          0 minBiasCDCountPS
TrigReport        410          0          0          0          0 minBiasCDCountFilter

TrigReport ---------- Modules in path: minBias_SDCount ------------
TrigReport    Path ID    Visited     Passed     Failed      Error Name
TrigReport        400      20000      20000          0          0 processCFOData
TrigReport        400      20000          0      20000          0 minBiasSDCountPS
TrigReport        400          0          0          0          0 minBiasSDCountFilter

TrigReport ---------- Modules in path: mprDe_highP_stopTarg ------------
TrigReport    Path ID    Visited     Passed     Failed      Error Name
TrigReport        210      20000      20000          0          0 processCFOData
TrigReport        210      20000      20000          0          0 mprDeHighPStopTargPS
TrigReport        210      20000      20000          0          0 CaloHitMakerFast
TrigReport        210      20000      20000          0          0 CaloClusterFast
TrigReport        210      20000      20000          0          0 TTmakeSD
TrigReport        210      20000      20000          0          0 TTmakeSH
TrigReport        210      20000      20000          0          0 TTmakePH
TrigReport        210      20000      20000          0          0 TTflagPH
TrigReport        210      20000      20000          0          0 TTtimeClusterFinder
TrigReport        210      20000      19889        111          0 mprDeHighPStopTargTCFilter
TrigReport        210      19889      19889          0          0 TTRobustMultiHelixFinder
TrigReport        210      19889      19889          0          0 TTMprHelixMergerDe
TrigReport        210      19889      12429       7460          0 mprDeHighPStopTargHSFilter
TrigReport        210      12429      12429          0          0 TTMprKSFDe
TrigReport        210      12429        331      12098          0 mprDeHighPStopTargKSFilter
TrigReport        210        331        331          0          0 mprDeHighPStopTargTriggerInfoMerger

TrigReport ---------- Modules in path: tprDe_highP ------------
TrigReport    Path ID    Visited     Passed     Failed      Error Name
TrigReport        101      20000      20000          0          0 processCFOData
TrigReport        101      20000      20000          0          0 tprDeHighPPS
TrigReport        101      20000      20000          0          0 CaloHitMakerFast
TrigReport        101      20000      20000          0          0 CaloClusterFast
TrigReport        101      20000      20000          0          0 TTmakeSD
TrigReport        101      20000      20000          0          0 TTmakeSH
TrigReport        101      20000      20000          0          0 TTmakePH
TrigReport        101      20000      20000          0          0 TTflagPH
TrigReport        101      20000      20000          0          0 TTtimeClusterFinder
TrigReport        101      20000      19889        111          0 tprDeHighPTCFilter
TrigReport        101      19889      19889          0          0 TThelixFinder
TrigReport        101      19889      19889          0          0 TTHelixMergerDe
TrigReport        101      19889       1096      18793          0 tprDeHighPHSFilter
TrigReport        101       1096       1096          0          0 TTKSFDe
TrigReport        101       1096          4       1092          0 tprDeHighPKSFilter
TrigReport        101          4          4          0          0 tprDeHighPTriggerInfoMerger

TrigReport ---------- Modules in path: tprDe_highP_stopTarg ------------
TrigReport    Path ID    Visited     Passed     Failed      Error Name
TrigReport        100      20000      20000          0          0 processCFOData
TrigReport        100      20000      20000          0          0 tprDeHighPStopTargPS
TrigReport        100      20000      20000          0          0 CaloHitMakerFast
TrigReport        100      20000      20000          0          0 CaloClusterFast
TrigReport        100      20000      20000          0          0 TTmakeSD
TrigReport        100      20000      20000          0          0 TTmakeSH
TrigReport        100      20000      20000          0          0 TTmakePH
TrigReport        100      20000      20000          0          0 TTflagPH
TrigReport        100      20000      20000          0          0 TTtimeClusterFinder
TrigReport        100      20000      19889        111          0 tprDeHighPStopTargTCFilter
TrigReport        100      19889      19889          0          0 TThelixFinder
TrigReport        100      19889      19889          0          0 TTHelixMergerDe
TrigReport        100      19889        684      19205          0 tprDeHighPStopTargHSFilter
TrigReport        100        684        684          0          0 TTKSFDe
TrigReport        100        684          1        683          0 tprDeHighPStopTargKSFilter
TrigReport        100          1          1          0          0 tprDeHighPStopTargTriggerInfoMerger

TrigReport ---------- Modules in path: tprDe_lowP_stopTarg ------------
TrigReport    Path ID    Visited     Passed     Failed      Error Name
TrigReport        110      20000      20000          0          0 processCFOData
TrigReport        110      20000      20000          0          0 tprDeLowPStopTargPS
TrigReport        110      20000      20000          0          0 CaloHitMakerFast
TrigReport        110      20000      20000          0          0 CaloClusterFast
TrigReport        110      20000      20000          0          0 TTmakeSD
TrigReport        110      20000      20000          0          0 TTmakeSH
TrigReport        110      20000      20000          0          0 TTmakePH
TrigReport        110      20000      20000          0          0 TTflagPH
TrigReport        110      20000      20000          0          0 TTtimeClusterFinder
TrigReport        110      20000      19935         65          0 tprDeLowPStopTargTCFilter
TrigReport        110      19935      19935          0          0 TThelixFinder
TrigReport        110      19935      19935          0          0 TTHelixMergerDe
TrigReport        110      19935       1698      18237          0 tprDeLowPStopTargHSFilter
TrigReport        110       1698       1698          0          0 TTKSFDe
TrigReport        110       1698        145       1553          0 tprDeLowPStopTargKSFilter
TrigReport        110        145        145          0          0 tprDeLowPStopTargTriggerInfoMerger

TrigReport ---------- Modules in path: tprHelixDe ------------
TrigReport    Path ID    Visited     Passed     Failed      Error Name
TrigReport        130      20000      20000          0          0 processCFOData
TrigReport        130      20000      20000          0          0 tprHelixDePS
TrigReport        130      20000      20000          0          0 CaloHitMakerFast
TrigReport        130      20000      20000          0          0 CaloClusterFast
TrigReport        130      20000      20000          0          0 TTmakeSD
TrigReport        130      20000      20000          0          0 TTmakeSH
TrigReport        130      20000      20000          0          0 TTmakePH
TrigReport        130      20000      20000          0          0 TTflagPH
TrigReport        130      20000      20000          0          0 TTtimeClusterFinder
TrigReport        130      20000      19889        111          0 tprHelixDeTCFilter
TrigReport        130      19889      19889          0          0 TThelixFinder
TrigReport        130      19889      19889          0          0 TTHelixMergerDe
TrigReport        130      19889       1391      18498          0 tprHelixDeHSFilter
TrigReport        130       1391       1391          0          0 tprHelixDeTriggerInfoMerger

TrigReport ---------- Modules in path: tprHelixDe_ipa ------------
TrigReport    Path ID    Visited     Passed     Failed      Error Name
TrigReport        120      20000      20000          0          0 processCFOData
TrigReport        120      20000      20000          0          0 tprHelixDeIpaPS
TrigReport        120      20000      20000          0          0 CaloHitMakerFast
TrigReport        120      20000      20000          0          0 CaloClusterFast
TrigReport        120      20000      20000          0          0 TTmakeSD
TrigReport        120      20000      20000          0          0 TTmakeSH
TrigReport        120      20000      20000          0          0 TTmakePH
TrigReport        120      20000      20000          0          0 TTflagPH
TrigReport        120      20000      20000          0          0 TTtimeClusterFinder
TrigReport        120      20000      19889        111          0 tprHelixDeIpaTCFilter
TrigReport        120      19889      19889          0          0 TThelixFinder
TrigReport        120      19889      19889          0          0 TTHelixMergerDe
TrigReport        120      19889        536      19353          0 tprHelixDeIpaHSFilter
TrigReport        120        536        536          0          0 tprHelixDeIpaTriggerInfoMerger

TrigReport ---------- Modules in path: tprHelixDe_ipa_phiScaled ------------
TrigReport    Path ID    Visited     Passed     Failed      Error Name
TrigReport        121      20000      20000          0          0 processCFOData
TrigReport        121      20000      20000          0          0 tprHelixDeIpaPhiScaledPS
TrigReport        121      20000      20000          0          0 CaloHitMakerFast
TrigReport        121      20000      20000          0          0 CaloClusterFast
TrigReport        121      20000      20000          0          0 TTmakeSD
TrigReport        121      20000      20000          0          0 TTmakeSH
TrigReport        121      20000      20000          0          0 TTmakePH
TrigReport        121      20000      20000          0          0 TTflagPH
TrigReport        121      20000      20000          0          0 TTtimeClusterFinder
TrigReport        121      20000      19889        111          0 tprHelixDeIpaPhiScaledTCFilter
TrigReport        121      19889      19889          0          0 TThelixFinder
TrigReport        121      19889      19889          0          0 TTHelixMergerDe
TrigReport        121      19889        131      19758          0 tprHelixDeIpaPhiScaledHSFilter
TrigReport        121        131        131          0          0 tprHelixDeIpaPhiScaledTriggerInfoMerger

TrigReport ---------- Modules in path: tprHelixUe ------------
TrigReport    Path ID    Visited     Passed     Failed      Error Name
TrigReport        131      20000      20000          0          0 processCFOData
TrigReport        131      20000      20000          0          0 tprHelixUePS
TrigReport        131      20000      20000          0          0 CaloHitMakerFast
TrigReport        131      20000      20000          0          0 CaloClusterFast
TrigReport        131      20000      20000          0          0 TTmakeSD
TrigReport        131      20000      20000          0          0 TTmakeSH
TrigReport        131      20000      20000          0          0 TTmakePH
TrigReport        131      20000      20000          0          0 TTflagPH
TrigReport        131      20000      20000          0          0 TTtimeClusterFinderUe
TrigReport        131      20000      19881        119          0 tprHelixUeTCFilter
TrigReport        131      19881      19881          0          0 TThelixFinderUe
TrigReport        131      19881      19881          0          0 TTHelixMergerUe
TrigReport        131      19881       1831      18050          0 tprHelixUeHSFilter
TrigReport        131       1831       1831          0          0 tprHelixUeTriggerInfoMerger

TrigReport ---------- Module summary ------------
TrigReport    Visited        Run     Passed     Failed      Error Name
TrigReport     500000      20000      20000          0          0 CaloClusterFast
TrigReport     500000      20000      20000          0          0 CaloHitMakerFast
TrigReport          0          0          0          0          0 CstLineFinder
TrigReport          0          0          0          0          0 CstSimpleTimeCluster
TrigReport     114093      16299      16299          0          0 TTAprHelixFinder
TrigReport     114093      16299      16299          0          0 TTAprHelixMerger
TrigReport       1015        726        726          0          0 TTAprKSF
TrigReport        314        314        314          0          0 TTAprUeKSF
TrigReport       7152       1788       1788          0          0 TTCalHelixFinderDe
TrigReport       1715       1715       1715          0          0 TTCalHelixFinderUe
TrigReport       7152       1788       1788          0          0 TTCalHelixMergerDe
TrigReport       1715       1715       1715          0          0 TTCalHelixMergerUe
TrigReport        141         82         82          0          0 TTCalSeedFitDe
TrigReport      80000      20000      20000          0          0 TTCalTimePeakFinder
TrigReport      20000      20000      20000          0          0 TTCalTimePeakFinderUe
TrigReport     119380      19935      19935          0          0 TTHelixMergerDe
TrigReport      19881      19881      19881          0          0 TTHelixMergerUe
TrigReport       3478       1819       1819          0          0 TTKSFDe
TrigReport      19889      19889      19889          0          0 TTMprHelixMergerDe
TrigReport      12429      12429      12429          0          0 TTMprKSFDe
TrigReport          0          0          0          0          0 TTOmakePH
TrigReport          0          0          0          0          0 TTOmakeSH
TrigReport      19889      19889      19889          0          0 TTRobustMultiHelixFinder
TrigReport     160000      20000      20000          0          0 TTTZClusterFinder
TrigReport     420000      20000      20000          0          0 TTflagPH
TrigReport     119380      19935      19935          0          0 TThelixFinder
TrigReport      19881      19881      19881          0          0 TThelixFinderUe
TrigReport     420000      20000      20000          0          0 TTmakePH
TrigReport     420000      20000      20000          0          0 TTmakeSD
TrigReport     420000      20000      20000          0          0 TTmakeSH
TrigReport     140000      20000      20000          0          0 TTtimeClusterFinder
TrigReport      20000      20000      20000          0          0 TTtimeClusterFinderUe
TrigReport      16299      16299       1259      15040          0 aprHelixHSFilter
TrigReport      20000      20000      16299       3701          0 aprHelixTCFilter
TrigReport       1259       1259       1259          0          0 aprHelixTriggerInfoMerger
TrigReport      16299      16299        314      15985          0 aprHighPHSFilter
TrigReport        314        314          3        311          0 aprHighPKSFilter
TrigReport      20000      20000      20000          0          0 aprHighPPS
TrigReport      16299      16299         73      16226          0 aprHighPStopTargHSFilter
TrigReport         73         73          1         72          0 aprHighPStopTargKSFilter
TrigReport      16299      16299          7      16292          0 aprHighPStopTargMultiTrkHSFilter
TrigReport          7          7          0          7          0 aprHighPStopTargMultiTrkKSFilter
TrigReport      20000      20000      20000          0          0 aprHighPStopTargMultiTrkPS
TrigReport      20000      20000      16299       3701          0 aprHighPStopTargMultiTrkTCFilter
TrigReport          0          0          0          0          0 aprHighPStopTargMultiTrkTriggerInfoMerger
TrigReport      20000      20000      20000          0          0 aprHighPStopTargPS
TrigReport      20000      20000      16299       3701          0 aprHighPStopTargTCFilter
TrigReport          1          1          1          0          0 aprHighPStopTargTriggerInfoMerger
TrigReport      20000      20000      16299       3701          0 aprHighPTCFilter
TrigReport          3          3          3          0          0 aprHighPTriggerInfoMerger
TrigReport      16299      16299         29      16270          0 aprLowPMultiHelixHSFilter
TrigReport         29         29          2         27          0 aprLowPMultiHelixKSFilter
TrigReport      20000      20000      20000          0          0 aprLowPMultiHelixPS
TrigReport      20000      20000      16299       3701          0 aprLowPMultiHelixTCFilter
TrigReport          2          2          2          0          0 aprLowPMultiHelixTriggerInfoMerger
TrigReport      16299      16299        592      15707          0 aprLowPStopTargHSFilter
TrigReport        592        592        124        468          0 aprLowPStopTargKSFilter
TrigReport      40000      20000      20000          0          0 aprLowPStopTargPS
TrigReport      20000      20000      16299       3701          0 aprLowPStopTargTCFilter
TrigReport        124        124        124          0          0 aprLowPStopTargTriggerInfoMerger
TrigReport      16299      16299        314      15985          0 aprUeHighPHSFilter
TrigReport        314        314          0        314          0 aprUeHighPKSFilter
TrigReport      20000      20000      20000          0          0 aprUeHighPPS
TrigReport      20000      20000      16299       3701          0 aprUeHighPTCFilter
TrigReport          0          0          0          0          0 aprUeHighPTriggerInfoMerger
TrigReport      20000      20000          0      20000          0 caloFastCosmicFilter
TrigReport      20000      20000      20000          0          0 caloFastCosmicPS
TrigReport      20000      20000       1858      18142          0 caloFastMVANNCEFilter
TrigReport      20000      20000      20000          0          0 caloFastMVANNCEPS
TrigReport      20000      20000        471      19529          0 caloFastPhotonFilter
TrigReport      20000      20000      20000          0          0 caloFastPhotonPS
TrigReport      20000      20000          0      20000          0 caloFastRMCFilter
TrigReport      20000      20000      20000          0          0 caloFastRMCPS
TrigReport          0          0          0          0          0 caloHitRecN0SourceFilter
TrigReport      20000      20000          0      20000          0 caloHitRecN0SourcePS
TrigReport       1788       1788         45       1743          0 cprDeHighPHSFilter
TrigReport         45         45          1         44          0 cprDeHighPKSFilter
TrigReport      20000      20000      20000          0          0 cprDeHighPPS
TrigReport       1788       1788         19       1769          0 cprDeHighPStopTargHSFilter
TrigReport         19         19          1         18          0 cprDeHighPStopTargKSFilter
TrigReport      20000      20000      20000          0          0 cprDeHighPStopTargPS
TrigReport      20000      20000       1788      18212          0 cprDeHighPStopTargTCFilter
TrigReport          1          1          1          0          0 cprDeHighPStopTargTriggerInfoMerger
TrigReport      20000      20000       1788      18212          0 cprDeHighPTCFilter
TrigReport          1          1          1          0          0 cprDeHighPTriggerInfoMerger
TrigReport       1788       1788         77       1711          0 cprDeLowPStopTargHSFilter
TrigReport         77         77         18         59          0 cprDeLowPStopTargKSFilter
TrigReport      20000      20000      20000          0          0 cprDeLowPStopTargPS
TrigReport      20000      20000       1788      18212          0 cprDeLowPStopTargTCFilter
TrigReport         18         18         18          0          0 cprDeLowPStopTargTriggerInfoMerger
TrigReport       1788       1788         81       1707          0 cprHelixDeHSFilter
TrigReport      20000      20000      20000          0          0 cprHelixDePS
TrigReport      20000      20000       1788      18212          0 cprHelixDeTCFilter
TrigReport         81         81         81          0          0 cprHelixDeTriggerInfoMerger
TrigReport       1715       1715         35       1680          0 cprHelixUeHSFilter
TrigReport      20000      20000      20000          0          0 cprHelixUePS
TrigReport      20000      20000       1715      18285          0 cprHelixUeTCFilter
TrigReport          0          0          0          0          0 cstCosmicTrackSeedCTSFilter
TrigReport      20000      20000          0      20000          0 cstCosmicTrackSeedPS
TrigReport          0          0          0          0          0 cstCosmicTrackSeedSDCountFilter
TrigReport          0          0          0          0          0 cstCosmicTrackSeedTCFilter
TrigReport          0          0          0          0          0 cstCosmicTrackSeedTriggerInfoMerger
TrigReport      20000      20000          0      20000          0 cstTimeClusterPS
TrigReport          0          0          0          0          0 cstTimeClusterSDCountFilter
TrigReport          0          0          0          0          0 cstTimeClusterTCFilter
TrigReport          0          0          0          0          0 cstTimeClusterTriggerInfoMerger
TrigReport      20000      20000          6      19994          0 lumiBuffer
TrigReport      20000      20000      20000          0          0 lumiStreamPS
TrigReport          0          0          0          0          0 minBiasCDCountFilter
TrigReport      20000      20000          0      20000          0 minBiasCDCountPS
TrigReport          0          0          0          0          0 minBiasSDCountFilter
TrigReport      20000      20000          0      20000          0 minBiasSDCountPS
TrigReport      19889      19889      12429       7460          0 mprDeHighPStopTargHSFilter
TrigReport      12429      12429        331      12098          0 mprDeHighPStopTargKSFilter
TrigReport      20000      20000      20000          0          0 mprDeHighPStopTargPS
TrigReport      20000      20000      19889        111          0 mprDeHighPStopTargTCFilter
TrigReport        331        331        331          0          0 mprDeHighPStopTargTriggerInfoMerger
TrigReport     600000      20000      20000          0          0 processCFOData
TrigReport      19889      19889       1096      18793          0 tprDeHighPHSFilter
TrigReport       1096       1096          4       1092          0 tprDeHighPKSFilter
TrigReport      20000      20000      20000          0          0 tprDeHighPPS
TrigReport      19889      19889        684      19205          0 tprDeHighPStopTargHSFilter
TrigReport        684        684          1        683          0 tprDeHighPStopTargKSFilter
TrigReport      20000      20000      20000          0          0 tprDeHighPStopTargPS
TrigReport      20000      20000      19889        111          0 tprDeHighPStopTargTCFilter
TrigReport          1          1          1          0          0 tprDeHighPStopTargTriggerInfoMerger
TrigReport      20000      20000      19889        111          0 tprDeHighPTCFilter
TrigReport          4          4          4          0          0 tprDeHighPTriggerInfoMerger
TrigReport      19935      19935       1698      18237          0 tprDeLowPStopTargHSFilter
TrigReport       1698       1698        145       1553          0 tprDeLowPStopTargKSFilter
TrigReport      20000      20000      20000          0          0 tprDeLowPStopTargPS
TrigReport      20000      20000      19935         65          0 tprDeLowPStopTargTCFilter
TrigReport        145        145        145          0          0 tprDeLowPStopTargTriggerInfoMerger
TrigReport      19889      19889       1391      18498          0 tprHelixDeHSFilter
TrigReport      19889      19889        536      19353          0 tprHelixDeIpaHSFilter
TrigReport      20000      20000      20000          0          0 tprHelixDeIpaPS
TrigReport      19889      19889        131      19758          0 tprHelixDeIpaPhiScaledHSFilter
TrigReport      20000      20000      20000          0          0 tprHelixDeIpaPhiScaledPS
TrigReport      20000      20000      19889        111          0 tprHelixDeIpaPhiScaledTCFilter
TrigReport        131        131        131          0          0 tprHelixDeIpaPhiScaledTriggerInfoMerger
TrigReport      20000      20000      19889        111          0 tprHelixDeIpaTCFilter
TrigReport        536        536        536          0          0 tprHelixDeIpaTriggerInfoMerger
TrigReport      20000      20000      20000          0          0 tprHelixDePS
TrigReport      20000      20000      19889        111          0 tprHelixDeTCFilter
TrigReport       1391       1391       1391          0          0 tprHelixDeTriggerInfoMerger
TrigReport      19881      19881       1831      18050          0 tprHelixUeHSFilter
TrigReport      20000      20000      20000          0          0 tprHelixUePS
TrigReport      20000      20000      19881        119          0 tprHelixUeTCFilter
TrigReport       1831       1831       1831          0          0 tprHelixUeTriggerInfoMerger

TimeReport ---------- Time summary [sec] -------
TimeReport CPU = 388.452503 Real = 391.489416

MemReport  ---------- Memory summary [base-10 MB] ------
MemReport  VmPeak = 9636.66 VmHWM = 615.354

Art has completed and will exit with status 0.
